<?xml version="1.0" encoding="UTF-8"?>
<testsuite name="be.helha.tests.Test_GestionnaireUseCases" tests="11" skipped="0" failures="0" errors="0" timestamp="2022-05-23T08:01:24" hostname="LAPTOP-TBUVHM0E" time="0.402">
  <properties/>
  <testcase name="testDeconnexion()" classname="be.helha.tests.Test_GestionnaireUseCases" time="0.008"/>
  <testcase name="testAjouterHistory()" classname="be.helha.tests.Test_GestionnaireUseCases" time="0.001"/>
  <testcase name="testListerHistory()" classname="be.helha.tests.Test_GestionnaireUseCases" time="0.0"/>
  <testcase name="ajouterMontant()" classname="be.helha.tests.Test_GestionnaireUseCases" time="0.0"/>
  <testcase name="retirerMontant()" classname="be.helha.tests.Test_GestionnaireUseCases" time="0.001"/>
  <testcase name="testConnexion()" classname="be.helha.tests.Test_GestionnaireUseCases" time="0.302"/>
  <testcase name="testReconnexion()" classname="be.helha.tests.Test_GestionnaireUseCases" time="0.0"/>
  <testcase name="testAjouterHistoryConnecte()" classname="be.helha.tests.Test_GestionnaireUseCases" time="0.032"/>
  <testcase name="testAjouterMontantConnecte()" classname="be.helha.tests.Test_GestionnaireUseCases" time="0.028"/>
  <testcase name="testRetirerMontantConnecte()" classname="be.helha.tests.Test_GestionnaireUseCases" time="0.0"/>
  <testcase name="testListeHistoryConnecte()" classname="be.helha.tests.Test_GestionnaireUseCases" time="0.025"/>
  <system-out><![CDATA[]]></system-out>
  <system-err><![CDATA[]]></system-err>
</testsuite>
