<?xml version="1.0" encoding="UTF-8"?>
<testsuite name="be.helha.tests.Test_Parser" tests="4" skipped="0" failures="0" errors="0" timestamp="2022-05-17T11:53:41" hostname="LAPTOP-TBUVHM0E" time="0.198">
  <properties/>
  <testcase name="testPostgres1()" classname="be.helha.tests.Test_Parser" time="0.184"/>
  <testcase name="testPostgres3()" classname="be.helha.tests.Test_Parser" time="0.005"/>
  <testcase name="testPostgres4()" classname="be.helha.tests.Test_Parser" time="0.004"/>
  <testcase name="testPostgres5()" classname="be.helha.tests.Test_Parser" time="0.004"/>
  <system-out><![CDATA[]]></system-out>
  <system-err><![CDATA[]]></system-err>
</testsuite>
