<?xml version="1.0" encoding="UTF-8"?>
<testsuite name="be.helha.tests.Test_GestionnaireUseCases" tests="3" skipped="0" failures="0" errors="0" timestamp="2022-05-21T20:10:52" hostname="LAPTOP-TBUVHM0E" time="0.247">
  <properties/>
  <testcase name="testDeconnexion()" classname="be.helha.tests.Test_GestionnaireUseCases" time="0.008"/>
  <testcase name="testConnexion()" classname="be.helha.tests.Test_GestionnaireUseCases" time="0.237"/>
  <testcase name="testReconnexion()" classname="be.helha.tests.Test_GestionnaireUseCases" time="0.0"/>
  <system-out><![CDATA[]]></system-out>
  <system-err><![CDATA[]]></system-err>
</testsuite>
