<?xml version="1.0" encoding="UTF-8"?>
<testsuite name="be.helha.tests.Test_GestionnaireUseCases" tests="3" skipped="0" failures="0" errors="0" timestamp="2022-05-19T16:02:27" hostname="LAPTOP-TBUVHM0E" time="0.071">
  <properties/>
  <testcase name="testDeconnexion()" classname="be.helha.tests.Test_GestionnaireUseCases" time="0.001"/>
  <testcase name="testConnexion()" classname="be.helha.tests.Test_GestionnaireUseCases" time="0.068"/>
  <testcase name="testReconnexion()" classname="be.helha.tests.Test_GestionnaireUseCases" time="0.001"/>
  <system-out><![CDATA[]]></system-out>
  <system-err><![CDATA[]]></system-err>
</testsuite>
