<?xml version="1.0" encoding="UTF-8"?>
<testsuite name="be.helha.tests.Test_Parser" tests="4" skipped="0" failures="0" errors="0" timestamp="2022-05-17T08:15:44" hostname="LAPTOP-1M6GP7E2" time="0.073">
  <properties/>
  <testcase name="testPostgres1()" classname="be.helha.tests.Test_Parser" time="0.015"/>
  <testcase name="testPostgres3()" classname="be.helha.tests.Test_Parser" time="0.009"/>
  <testcase name="testPostgres4()" classname="be.helha.tests.Test_Parser" time="0.013"/>
  <testcase name="testPostgres5()" classname="be.helha.tests.Test_Parser" time="0.03"/>
  <system-out><![CDATA[]]></system-out>
  <system-err><![CDATA[]]></system-err>
</testsuite>
